# JRE version: OpenJDK Runtime Environment (8.0_312-b07) (build 1.8.0_312-b07)
# Java VM: OpenJDK 64-Bit Server VM (25.312-b07 mixed mode bsd-amd64 compressed oops)
Heap:
 PSYoungGen      total 69120K, used 44652K [0x0000000795580000, 0x000000079a680000, 0x00000007c0000000)
  eden space 55808K, 71% used [0x0000000795580000,0x0000000797c4d9a8,0x0000000798c00000)
  from space 13312K, 36% used [0x0000000798c00000,0x00000007990cd6b0,0x0000000799900000)
  to   space 13312K, 0% used [0x0000000799980000,0x0000000799980000,0x000000079a680000)
 ParOldGen       total 116736K, used 98224K [0x0000000740000000, 0x0000000747200000, 0x0000000795580000)
  object space 116736K, 84% used [0x0000000740000000,0x0000000745fec0b8,0x0000000747200000)
 Metaspace       used 71273K, capacity 72280K, committed 72960K, reserved 1112064K
  class space    used 9928K, capacity 10124K, committed 10240K, reserved 1048576K
GC Heap History (10 events):
Event: 44218.948 GC heap before
{Heap before GC invocations=322 (full 23):
 PSYoungGen      total 69120K, used 62880K [0x0000000795580000, 0x000000079a780000, 0x00000007c0000000)
  eden space 55296K, 100% used [0x0000000795580000,0x0000000798b80000,0x0000000798b80000)
  from space 13824K, 54% used [0x0000000799a00000,0x000000079a168010,0x000000079a780000)
  to   space 14336K, 0% used [0x0000000798b80000,0x0000000798b80000,0x0000000799980000)
 ParOldGen       total 116736K, used 94131K [0x0000000740000000, 0x0000000747200000, 0x0000000795580000)
  object space 116736K, 80% used [0x0000000740000000,0x0000000745becf60,0x0000000747200000)
 Metaspace       used 71245K, capacity 72280K, committed 72960K, reserved 1112064K
  class space    used 9927K, capacity 10124K, committed 10240K, reserved 1048576K
Event: 44218.974 GC heap after
Heap after GC invocations=322 (full 23):
 PSYoungGen      total 69632K, used 7601K [0x0000000795580000, 0x000000079a700000, 0x00000007c0000000)
  eden space 55296K, 0% used [0x0000000795580000,0x0000000795580000,0x0000000798b80000)
  from space 14336K, 53% used [0x0000000798b80000,0x00000007992ec590,0x0000000799980000)
  to   space 13824K, 0% used [0x0000000799980000,0x0000000799980000,0x000000079a700000)
 ParOldGen       total 116736K, used 94187K [0x0000000740000000, 0x0000000747200000, 0x0000000795580000)
  object space 116736K, 80% used [0x0000000740000000,0x0000000745bfaf60,0x0000000747200000)
 Metaspace       used 71245K, capacity 72280K, committed 72960K, reserved 1112064K
  class space    used 9927K, capacity 10124K, committed 10240K, reserved 1048576K
}
Event: 44272.305 GC heap before
{Heap before GC invocations=323 (full 23):
 PSYoungGen      total 69632K, used 62897K [0x0000000795580000, 0x000000079a700000, 0x00000007c0000000)
  eden space 55296K, 100% used [0x0000000795580000,0x0000000798b80000,0x0000000798b80000)
  from space 14336K, 53% used [0x0000000798b80000,0x00000007992ec590,0x0000000799980000)
  to   space 13824K, 0% used [0x0000000799980000,0x0000000799980000,0x000000079a700000)
 ParOldGen       total 116736K, used 94187K [0x0000000740000000, 0x0000000747200000, 0x0000000795580000)
  object space 116736K, 80% used [0x0000000740000000,0x0000000745bfaf60,0x0000000747200000)
 Metaspace       used 71260K, capacity 72280K, committed 72960K, reserved 1112064K
  class space    used 9928K, capacity 10124K, committed 10240K, reserved 1048576K
Event: 44272.346 GC heap after
Heap after GC invocations=323 (full 23):
 PSYoungGen      total 68608K, used 7687K [0x0000000795580000, 0x000000079a600000, 0x00000007c0000000)
  eden space 55808K, 0% used [0x0000000795580000,0x0000000795580000,0x0000000798c00000)
  from space 12800K, 60% used [0x0000000799980000,0x000000079a101e20,0x000000079a600000)
  to   space 13312K, 0% used [0x0000000798c00000,0x0000000798c00000,0x0000000799900000)
 ParOldGen       total 116736K, used 94243K [0x0000000740000000, 0x0000000747200000, 0x0000000795580000)
  object space 116736K, 80% used [0x0000000740000000,0x0000000745c08f60,0x0000000747200000)
 Metaspace       used 71260K, capacity 72280K, committed 72960K, reserved 1112064K
  class space    used 9928K, capacity 10124K, committed 10240K, reserved 1048576K
}
Event: 44906.930 GC heap before
{Heap before GC invocations=324 (full 23):
 PSYoungGen      total 68608K, used 63495K [0x0000000795580000, 0x000000079a600000, 0x00000007c0000000)
  eden space 55808K, 100% used [0x0000000795580000,0x0000000798c00000,0x0000000798c00000)
  from space 12800K, 60% used [0x0000000799980000,0x000000079a101e20,0x000000079a600000)
  to   space 13312K, 0% used [0x0000000798c00000,0x0000000798c00000,0x0000000799900000)
 ParOldGen       total 116736K, used 94243K [0x0000000740000000, 0x0000000747200000, 0x0000000795580000)
  object space 116736K, 80% used [0x0000000740000000,0x0000000745c08f60,0x0000000747200000)
 Metaspace       used 71267K, capacity 72280K, committed 72960K, reserved 1112064K
  class space    used 9928K, capacity 10124K, committed 10240K, reserved 1048576K
Event: 44906.999 GC heap after
Heap after GC invocations=324 (full 23):
 PSYoungGen      total 69120K, used 7374K [0x0000000795580000, 0x000000079a580000, 0x00000007c0000000)
  eden space 55808K, 0% used [0x0000000795580000,0x0000000795580000,0x0000000798c00000)
  from space 13312K, 55% used [0x0000000798c00000,0x0000000799333a10,0x0000000799900000)
  to   space 12800K, 0% used [0x0000000799900000,0x0000000799900000,0x000000079a580000)
 ParOldGen       total 116736K, used 94507K [0x0000000740000000, 0x0000000747200000, 0x0000000795580000)
  object space 116736K, 80% used [0x0000000740000000,0x0000000745c4af60,0x0000000747200000)
 Metaspace       used 71267K, capacity 72280K, committed 72960K, reserved 1112064K
  class space    used 9928K, capacity 10124K, committed 10240K, reserved 1048576K
}
Event: 45327.503 GC heap before
{Heap before GC invocations=325 (full 23):
 PSYoungGen      total 69120K, used 63182K [0x0000000795580000, 0x000000079a580000, 0x00000007c0000000)
  eden space 55808K, 100% used [0x0000000795580000,0x0000000798c00000,0x0000000798c00000)
  from space 13312K, 55% used [0x0000000798c00000,0x0000000799333a10,0x0000000799900000)
  to   space 12800K, 0% used [0x0000000799900000,0x0000000799900000,0x000000079a580000)
 ParOldGen       total 116736K, used 94507K [0x0000000740000000, 0x0000000747200000, 0x0000000795580000)
  object space 116736K, 80% used [0x0000000740000000,0x0000000745c4af60,0x0000000747200000)
 Metaspace       used 71272K, capacity 72280K, committed 72960K, reserved 1112064K
  class space    used 9928K, capacity 10124K, committed 10240K, reserved 1048576K
Event: 45327.558 GC heap after
Heap after GC invocations=325 (full 23):
 PSYoungGen      total 68608K, used 10693K [0x0000000795580000, 0x000000079a680000, 0x00000007c0000000)
  eden space 55808K, 0% used [0x0000000795580000,0x0000000795580000,0x0000000798c00000)
  from space 12800K, 83% used [0x0000000799900000,0x000000079a371788,0x000000079a580000)
  to   space 13312K, 0% used [0x0000000798c00000,0x0000000798c00000,0x0000000799900000)
 ParOldGen       total 116736K, used 98184K [0x0000000740000000, 0x0000000747200000, 0x0000000795580000)
  object space 116736K, 84% used [0x0000000740000000,0x0000000745fe20b8,0x0000000747200000)
 Metaspace       used 71272K, capacity 72280K, committed 72960K, reserved 1112064K
  class space    used 9928K, capacity 10124K, committed 10240K, reserved 1048576K
}
Event: 45449.329 GC heap before
{Heap before GC invocations=326 (full 23):
 PSYoungGen      total 68608K, used 66501K [0x0000000795580000, 0x000000079a680000, 0x00000007c0000000)
  eden space 55808K, 100% used [0x0000000795580000,0x0000000798c00000,0x0000000798c00000)
  from space 12800K, 83% used [0x0000000799900000,0x000000079a371788,0x000000079a580000)
  to   space 13312K, 0% used [0x0000000798c00000,0x0000000798c00000,0x0000000799900000)
 ParOldGen       total 116736K, used 98184K [0x0000000740000000, 0x0000000747200000, 0x0000000795580000)
  object space 116736K, 84% used [0x0000000740000000,0x0000000745fe20b8,0x0000000747200000)
 Metaspace       used 71272K, capacity 72280K, committed 72960K, reserved 1112064K
  class space    used 9928K, capacity 10124K, committed 10240K, reserved 1048576K
Event: 45449.349 GC heap after
Heap after GC invocations=326 (full 23):
 PSYoungGen      total 69120K, used 4917K [0x0000000795580000, 0x000000079a680000, 0x00000007c0000000)
  eden space 55808K, 0% used [0x0000000795580000,0x0000000795580000,0x0000000798c00000)
  from space 13312K, 36% used [0x0000000798c00000,0x00000007990cd6b0,0x0000000799900000)
  to   space 13312K, 0% used [0x0000000799980000,0x0000000799980000,0x000000079a680000)
 ParOldGen       total 116736K, used 98224K [0x0000000740000000, 0x0000000747200000, 0x0000000795580000)
  object space 116736K, 84% used [0x0000000740000000,0x0000000745fec0b8,0x0000000747200000)
 Metaspace       used 71272K, capacity 72280K, committed 72960K, reserved 1112064K
  class space    used 9928K, capacity 10124K, committed 10240K, reserved 1048576K
}

